0 info it worked if it ends with ok
1 verbose cli [ '/var/lib/openshift/d7150c7c7d34499ba49f047ef573d420/app-root/data//bin/node-openshift-v8',
1 verbose cli   '/var/lib/stickshift/d7150c7c7d34499ba49f047ef573d420/app-root/data/lib/node_modules/npm/bin/npm-cli.js',
1 verbose cli   'install' ]
2 info using npm@1.1.62
3 info using node@v0.8.9
4 verbose node symlink /var/lib/openshift/d7150c7c7d34499ba49f047ef573d420/app-root/data//bin/node-openshift-v8
5 verbose read json /var/lib/stickshift/d7150c7c7d34499ba49f047ef573d420/app-root/data/416748/package.json
6 error install Couldn't read dependencies
7 error Error: ENOENT, open '/var/lib/stickshift/d7150c7c7d34499ba49f047ef573d420/app-root/data/416748/package.json'
8 error If you need help, you may report this log at:
8 error     <http://github.com/isaacs/npm/issues>
8 error or email it to:
8 error     <npm-@googlegroups.com>
9 error System Linux 2.6.32-279.19.1.el6.x86_64
10 error command "/var/lib/openshift/d7150c7c7d34499ba49f047ef573d420/app-root/data//bin/node-openshift-v8" "/var/lib/stickshift/d7150c7c7d34499ba49f047ef573d420/app-root/data/lib/node_modules/npm/bin/npm-cli.js" "install"
11 error cwd /var/lib/stickshift/d7150c7c7d34499ba49f047ef573d420/app-root/data/416748
12 error node -v v0.8.9
13 error npm -v 1.1.62
14 error path /var/lib/stickshift/d7150c7c7d34499ba49f047ef573d420/app-root/data/416748/package.json
15 error code ENOENT
16 error errno 34
17 verbose exit [ 34, true ]
